{"/Users/andelarwanda/Documents/projects/ExpressApi/app.js": {"path":"/Users/andelarwanda/Documents/projects/ExpressApi/app.js","statementMap":{"0":{"start":{"line":10,"column":12},"end":{"line":10,"column":21}},"1":{"start":{"line":12,"column":0},"end":{"line":17,"column":2}},"2":{"start":{"line":13,"column":2},"end":{"line":13,"column":50}},"3":{"start":{"line":14,"column":2},"end":{"line":14,"column":75}},"4":{"start":{"line":15,"column":2},"end":{"line":15,"column":78}},"5":{"start":{"line":16,"column":2},"end":{"line":16,"column":9}},"6":{"start":{"line":18,"column":0},"end":{"line":18,"column":27}},"7":{"start":{"line":19,"column":0},"end":{"line":24,"column":4}},"8":{"start":{"line":26,"column":0},"end":{"line":30,"column":2}},"9":{"start":{"line":27,"column":4},"end":{"line":27,"column":46}},"10":{"start":{"line":32,"column":0},"end":{"line":32,"column":36}},"11":{"start":{"line":33,"column":0},"end":{"line":33,"column":44}},"12":{"start":{"line":34,"column":0},"end":{"line":34,"column":38}},"13":{"start":{"line":35,"column":0},"end":{"line":35,"column":45}},"14":{"start":{"line":36,"column":0},"end":{"line":36,"column":41}},"15":{"start":{"line":37,"column":0},"end":{"line":37,"column":43}}},"fnMap":{"0":{"name":"(anonymous_0)","decl":{"start":{"line":12,"column":8},"end":{"line":12,"column":9}},"loc":{"start":{"line":12,"column":24},"end":{"line":17,"column":1}},"line":12},"1":{"name":"(anonymous_1)","decl":{"start":{"line":26,"column":13},"end":{"line":26,"column":14}},"loc":{"start":{"line":26,"column":26},"end":{"line":30,"column":1}},"line":26}},"branchMap":{},"s":{"0":1,"1":1,"2":1,"3":1,"4":1,"5":1,"6":1,"7":1,"8":1,"9":0,"10":1,"11":1,"12":1,"13":1,"14":1,"15":1},"f":{"0":1,"1":0},"b":{},"_coverageSchema":"1a1c01bbd47fc00a2c39e90264f33305004495a9","hash":"af955e2432d29d591b59703796d23bf28c254f60"}
,"/Users/andelarwanda/Documents/projects/ExpressApi/index.js": {"path":"/Users/andelarwanda/Documents/projects/ExpressApi/index.js","statementMap":{"0":{"start":{"line":4,"column":0},"end":{"line":4,"column":37}},"1":{"start":{"line":6,"column":13},"end":{"line":6,"column":37}},"2":{"start":{"line":7,"column":11},"end":{"line":7,"column":75}},"3":{"start":{"line":8,"column":0},"end":{"line":8,"column":73}},"4":{"start":{"line":8,"column":32},"end":{"line":8,"column":72}},"5":{"start":{"line":9,"column":0},"end":{"line":9,"column":65}},"6":{"start":{"line":9,"column":23},"end":{"line":9,"column":63}}},"fnMap":{"0":{"name":"(anonymous_0)","decl":{"start":{"line":8,"column":26},"end":{"line":8,"column":27}},"loc":{"start":{"line":8,"column":32},"end":{"line":8,"column":72}},"line":8},"1":{"name":"(anonymous_1)","decl":{"start":{"line":9,"column":17},"end":{"line":9,"column":18}},"loc":{"start":{"line":9,"column":23},"end":{"line":9,"column":63}},"line":9}},"branchMap":{"0":{"loc":{"start":{"line":6,"column":13},"end":{"line":6,"column":37}},"type":"binary-expr","locations":[{"start":{"line":6,"column":13},"end":{"line":6,"column":29}},{"start":{"line":6,"column":33},"end":{"line":6,"column":37}}],"line":6}},"s":{"0":1,"1":1,"2":1,"3":1,"4":0,"5":1,"6":0},"f":{"0":0,"1":0},"b":{"0":[1,0]},"_coverageSchema":"1a1c01bbd47fc00a2c39e90264f33305004495a9","hash":"316d55f917432ec3f6c860a63467b9af66cf1b09"}
,"/Users/andelarwanda/Documents/projects/ExpressApi/src/Contacts/Controller/contacts.controller.js": {"path":"/Users/andelarwanda/Documents/projects/ExpressApi/src/Contacts/Controller/contacts.controller.js","statementMap":{"0":{"start":{"line":3,"column":27},"end":{"line":18,"column":1}},"1":{"start":{"line":4,"column":4},"end":{"line":16,"column":5}},"2":{"start":{"line":5,"column":27},"end":{"line":5,"column":59}},"3":{"start":{"line":6,"column":8},"end":{"line":9,"column":10}},"4":{"start":{"line":11,"column":8},"end":{"line":14,"column":10}},"5":{"start":{"line":19,"column":27},"end":{"line":37,"column":1}},"6":{"start":{"line":20,"column":4},"end":{"line":35,"column":5}},"7":{"start":{"line":21,"column":20},"end":{"line":21,"column":33}},"8":{"start":{"line":22,"column":25},"end":{"line":22,"column":53}},"9":{"start":{"line":23,"column":8},"end":{"line":26,"column":6}},"10":{"start":{"line":28,"column":8},"end":{"line":33,"column":10}},"11":{"start":{"line":38,"column":30},"end":{"line":54,"column":1}},"12":{"start":{"line":39,"column":4},"end":{"line":53,"column":5}},"13":{"start":{"line":40,"column":25},"end":{"line":40,"column":47}},"14":{"start":{"line":41,"column":8},"end":{"line":45,"column":10}},"15":{"start":{"line":47,"column":8},"end":{"line":50,"column":10}},"16":{"start":{"line":55,"column":30},"end":{"line":69,"column":1}},"17":{"start":{"line":56,"column":4},"end":{"line":68,"column":5}},"18":{"start":{"line":57,"column":24},"end":{"line":57,"column":116}},"19":{"start":{"line":58,"column":8},"end":{"line":61,"column":10}},"20":{"start":{"line":63,"column":8},"end":{"line":66,"column":10}},"21":{"start":{"line":70,"column":29},"end":{"line":84,"column":1}},"22":{"start":{"line":71,"column":4},"end":{"line":83,"column":5}},"23":{"start":{"line":72,"column":8},"end":{"line":72,"column":57}},"24":{"start":{"line":73,"column":8},"end":{"line":76,"column":10}},"25":{"start":{"line":78,"column":8},"end":{"line":81,"column":10}}},"fnMap":{"0":{"name":"(anonymous_0)","decl":{"start":{"line":3,"column":27},"end":{"line":3,"column":28}},"loc":{"start":{"line":3,"column":47},"end":{"line":18,"column":1}},"line":3},"1":{"name":"(anonymous_1)","decl":{"start":{"line":19,"column":27},"end":{"line":19,"column":28}},"loc":{"start":{"line":19,"column":48},"end":{"line":37,"column":1}},"line":19},"2":{"name":"(anonymous_2)","decl":{"start":{"line":38,"column":30},"end":{"line":38,"column":31}},"loc":{"start":{"line":38,"column":49},"end":{"line":54,"column":1}},"line":38},"3":{"name":"(anonymous_3)","decl":{"start":{"line":55,"column":30},"end":{"line":55,"column":31}},"loc":{"start":{"line":55,"column":50},"end":{"line":69,"column":1}},"line":55},"4":{"name":"(anonymous_4)","decl":{"start":{"line":70,"column":29},"end":{"line":70,"column":30}},"loc":{"start":{"line":70,"column":49},"end":{"line":84,"column":1}},"line":70}},"branchMap":{},"s":{"0":1,"1":0,"2":0,"3":0,"4":0,"5":1,"6":0,"7":0,"8":0,"9":0,"10":0,"11":1,"12":0,"13":0,"14":0,"15":0,"16":1,"17":0,"18":0,"19":0,"20":0,"21":1,"22":0,"23":0,"24":0,"25":0},"f":{"0":0,"1":0,"2":0,"3":0,"4":0},"b":{},"_coverageSchema":"1a1c01bbd47fc00a2c39e90264f33305004495a9","hash":"ad36f522599f55e072151a9263baeae9abb460b1"}
,"/Users/andelarwanda/Documents/projects/ExpressApi/src/Contacts/routes/contacts.routes.js": {"path":"/Users/andelarwanda/Documents/projects/ExpressApi/src/Contacts/routes/contacts.routes.js","statementMap":{"0":{"start":{"line":4,"column":15},"end":{"line":4,"column":31}},"1":{"start":{"line":6,"column":0},"end":{"line":6,"column":27}},"2":{"start":{"line":7,"column":0},"end":{"line":7,"column":114}},"3":{"start":{"line":8,"column":0},"end":{"line":8,"column":167}}},"fnMap":{},"branchMap":{},"s":{"0":1,"1":1,"2":1,"3":1},"f":{},"b":{},"_coverageSchema":"1a1c01bbd47fc00a2c39e90264f33305004495a9","hash":"b0e206e2b95986f0f7a6b956b72fe3e3cba8f29a"}
,"/Users/andelarwanda/Documents/projects/ExpressApi/src/Users/controller/user.controller.js": {"path":"/Users/andelarwanda/Documents/projects/ExpressApi/src/Users/controller/user.controller.js","statementMap":{"0":{"start":{"line":6,"column":25},"end":{"line":32,"column":1}},"1":{"start":{"line":7,"column":4},"end":{"line":30,"column":5}},"2":{"start":{"line":8,"column":27},"end":{"line":8,"column":35}},"3":{"start":{"line":9,"column":24},"end":{"line":16,"column":10}},"4":{"start":{"line":17,"column":22},"end":{"line":17,"column":103}},"5":{"start":{"line":18,"column":8},"end":{"line":22,"column":10}},"6":{"start":{"line":25,"column":8},"end":{"line":28,"column":10}},"7":{"start":{"line":33,"column":21},"end":{"line":67,"column":1}},"8":{"start":{"line":34,"column":4},"end":{"line":66,"column":5}},"9":{"start":{"line":35,"column":30},"end":{"line":35,"column":38}},"10":{"start":{"line":36,"column":4},"end":{"line":38,"column":5}},"11":{"start":{"line":37,"column":8},"end":{"line":37,"column":76}},"12":{"start":{"line":39,"column":17},"end":{"line":39,"column":51}},"13":{"start":{"line":40,"column":4},"end":{"line":42,"column":5}},"14":{"start":{"line":41,"column":8},"end":{"line":41,"column":67}},"15":{"start":{"line":43,"column":4},"end":{"line":57,"column":6}},"16":{"start":{"line":44,"column":8},"end":{"line":46,"column":9}},"17":{"start":{"line":45,"column":12},"end":{"line":45,"column":75}},"18":{"start":{"line":47,"column":8},"end":{"line":56,"column":9}},"19":{"start":{"line":48,"column":25},"end":{"line":48,"column":103}},"20":{"start":{"line":49,"column":11},"end":{"line":49,"column":29}},"21":{"start":{"line":50,"column":11},"end":{"line":53,"column":6}},"22":{"start":{"line":55,"column":12},"end":{"line":55,"column":65}},"23":{"start":{"line":61,"column":8},"end":{"line":64,"column":10}},"24":{"start":{"line":68,"column":23},"end":{"line":87,"column":1}},"25":{"start":{"line":69,"column":4},"end":{"line":86,"column":5}},"26":{"start":{"line":70,"column":18},"end":{"line":70,"column":31}},"27":{"start":{"line":71,"column":20},"end":{"line":71,"column":43}},"28":{"start":{"line":72,"column":7},"end":{"line":72,"column":24}},"29":{"start":{"line":73,"column":7},"end":{"line":73,"column":22}},"30":{"start":{"line":74,"column":7},"end":{"line":77,"column":6}},"31":{"start":{"line":81,"column":8},"end":{"line":85,"column":10}},"32":{"start":{"line":88,"column":27},"end":{"line":106,"column":1}},"33":{"start":{"line":89,"column":4},"end":{"line":89,"column":33}},"34":{"start":{"line":90,"column":4},"end":{"line":105,"column":5}},"35":{"start":{"line":91,"column":21},"end":{"line":91,"column":38}},"36":{"start":{"line":92,"column":8},"end":{"line":96,"column":10}},"37":{"start":{"line":98,"column":8},"end":{"line":102,"column":10}},"38":{"start":{"line":107,"column":26},"end":{"line":123,"column":1}},"39":{"start":{"line":108,"column":4},"end":{"line":122,"column":5}},"40":{"start":{"line":110,"column":20},"end":{"line":110,"column":107}},"41":{"start":{"line":111,"column":7},"end":{"line":114,"column":6}},"42":{"start":{"line":118,"column":8},"end":{"line":121,"column":10}},"43":{"start":{"line":126,"column":26},"end":{"line":143,"column":1}},"44":{"start":{"line":128,"column":4},"end":{"line":142,"column":6}},"45":{"start":{"line":130,"column":8},"end":{"line":130,"column":52}},"46":{"start":{"line":131,"column":8},"end":{"line":134,"column":7}},"47":{"start":{"line":138,"column":9},"end":{"line":141,"column":11}}},"fnMap":{"0":{"name":"(anonymous_0)","decl":{"start":{"line":6,"column":25},"end":{"line":6,"column":26}},"loc":{"start":{"line":6,"column":45},"end":{"line":32,"column":1}},"line":6},"1":{"name":"(anonymous_1)","decl":{"start":{"line":33,"column":21},"end":{"line":33,"column":22}},"loc":{"start":{"line":33,"column":41},"end":{"line":67,"column":1}},"line":33},"2":{"name":"(anonymous_2)","decl":{"start":{"line":43,"column":44},"end":{"line":43,"column":45}},"loc":{"start":{"line":43,"column":62},"end":{"line":57,"column":5}},"line":43},"3":{"name":"(anonymous_3)","decl":{"start":{"line":68,"column":23},"end":{"line":68,"column":24}},"loc":{"start":{"line":68,"column":43},"end":{"line":87,"column":1}},"line":68},"4":{"name":"(anonymous_4)","decl":{"start":{"line":88,"column":27},"end":{"line":88,"column":28}},"loc":{"start":{"line":88,"column":47},"end":{"line":106,"column":1}},"line":88},"5":{"name":"(anonymous_5)","decl":{"start":{"line":107,"column":26},"end":{"line":107,"column":27}},"loc":{"start":{"line":107,"column":46},"end":{"line":123,"column":1}},"line":107},"6":{"name":"(anonymous_6)","decl":{"start":{"line":126,"column":26},"end":{"line":126,"column":27}},"loc":{"start":{"line":126,"column":45},"end":{"line":143,"column":1}},"line":126}},"branchMap":{"0":{"loc":{"start":{"line":36,"column":4},"end":{"line":38,"column":5}},"type":"if","locations":[{"start":{"line":36,"column":4},"end":{"line":38,"column":5}},{"start":{},"end":{}}],"line":36},"1":{"loc":{"start":{"line":36,"column":7},"end":{"line":36,"column":26}},"type":"binary-expr","locations":[{"start":{"line":36,"column":7},"end":{"line":36,"column":13}},{"start":{"line":36,"column":17},"end":{"line":36,"column":26}}],"line":36},"2":{"loc":{"start":{"line":40,"column":4},"end":{"line":42,"column":5}},"type":"if","locations":[{"start":{"line":40,"column":4},"end":{"line":42,"column":5}},{"start":{},"end":{}}],"line":40},"3":{"loc":{"start":{"line":44,"column":8},"end":{"line":46,"column":9}},"type":"if","locations":[{"start":{"line":44,"column":8},"end":{"line":46,"column":9}},{"start":{},"end":{}}],"line":44},"4":{"loc":{"start":{"line":47,"column":8},"end":{"line":56,"column":9}},"type":"if","locations":[{"start":{"line":47,"column":8},"end":{"line":56,"column":9}},{"start":{"line":54,"column":13},"end":{"line":56,"column":9}}],"line":47}},"s":{"0":1,"1":0,"2":0,"3":0,"4":0,"5":0,"6":0,"7":1,"8":0,"9":0,"10":0,"11":0,"12":0,"13":0,"14":0,"15":0,"16":0,"17":0,"18":0,"19":0,"20":0,"21":0,"22":0,"23":0,"24":1,"25":0,"26":0,"27":0,"28":0,"29":0,"30":0,"31":0,"32":1,"33":0,"34":0,"35":0,"36":0,"37":0,"38":1,"39":0,"40":0,"41":0,"42":0,"43":1,"44":0,"45":0,"46":0,"47":0},"f":{"0":0,"1":0,"2":0,"3":0,"4":0,"5":0,"6":0},"b":{"0":[0,0],"1":[0,0],"2":[0,0],"3":[0,0],"4":[0,0]},"_coverageSchema":"1a1c01bbd47fc00a2c39e90264f33305004495a9","hash":"c61633017259ab930c814ca64b3c5848876d57fd"}
,"/Users/andelarwanda/Documents/projects/ExpressApi/src/Users/middleware/signup.middleware.js": {"path":"/Users/andelarwanda/Documents/projects/ExpressApi/src/Users/middleware/signup.middleware.js","statementMap":{"0":{"start":{"line":6,"column":33},"end":{"line":37,"column":1}},"1":{"start":{"line":8,"column":4},"end":{"line":34,"column":5}},"2":{"start":{"line":10,"column":8},"end":{"line":13,"column":9}},"3":{"start":{"line":11,"column":12},"end":{"line":11,"column":59}},"4":{"start":{"line":14,"column":8},"end":{"line":19,"column":9}},"5":{"start":{"line":15,"column":12},"end":{"line":18,"column":14}},"6":{"start":{"line":20,"column":29},"end":{"line":20,"column":84}},"7":{"start":{"line":21,"column":8},"end":{"line":21,"column":33}},"8":{"start":{"line":22,"column":29},"end":{"line":22,"column":65}},"9":{"start":{"line":24,"column":8},"end":{"line":24,"column":39}},"10":{"start":{"line":26,"column":8},"end":{"line":31,"column":10}},"11":{"start":{"line":35,"column":4},"end":{"line":35,"column":10}}},"fnMap":{"0":{"name":"(anonymous_0)","decl":{"start":{"line":6,"column":33},"end":{"line":6,"column":34}},"loc":{"start":{"line":6,"column":60},"end":{"line":37,"column":1}},"line":6}},"branchMap":{"0":{"loc":{"start":{"line":10,"column":8},"end":{"line":13,"column":9}},"type":"if","locations":[{"start":{"line":10,"column":8},"end":{"line":13,"column":9}},{"start":{},"end":{}}],"line":10},"1":{"loc":{"start":{"line":14,"column":8},"end":{"line":19,"column":9}},"type":"if","locations":[{"start":{"line":14,"column":8},"end":{"line":19,"column":9}},{"start":{},"end":{}}],"line":14}},"s":{"0":1,"1":0,"2":0,"3":0,"4":0,"5":0,"6":0,"7":0,"8":0,"9":0,"10":0,"11":0},"f":{"0":0},"b":{"0":[0,0],"1":[0,0]},"_coverageSchema":"1a1c01bbd47fc00a2c39e90264f33305004495a9","hash":"cf99f0b6e5693d6473e7292103e48d5dbf35adf9"}
,"/Users/andelarwanda/Documents/projects/ExpressApi/src/Users/routes/user.routes.js": {"path":"/Users/andelarwanda/Documents/projects/ExpressApi/src/Users/routes/user.routes.js","statementMap":{"0":{"start":{"line":5,"column":15},"end":{"line":5,"column":31}},"1":{"start":{"line":8,"column":0},"end":{"line":8,"column":27}},"2":{"start":{"line":9,"column":0},"end":{"line":9,"column":32}},"3":{"start":{"line":10,"column":0},"end":{"line":10,"column":28}},"4":{"start":{"line":11,"column":0},"end":{"line":11,"column":127}},"5":{"start":{"line":12,"column":0},"end":{"line":12,"column":158}}},"fnMap":{},"branchMap":{},"s":{"0":1,"1":1,"2":1,"3":1,"4":1,"5":1},"f":{},"b":{},"_coverageSchema":"1a1c01bbd47fc00a2c39e90264f33305004495a9","hash":"779f7c1a83df5c13b887af14f95c20f0b98358d4"}
,"/Users/andelarwanda/Documents/projects/ExpressApi/src/blogs/controller/blog.controller.js": {"path":"/Users/andelarwanda/Documents/projects/ExpressApi/src/blogs/controller/blog.controller.js","statementMap":{"0":{"start":{"line":4,"column":23},"end":{"line":21,"column":1}},"1":{"start":{"line":5,"column":4},"end":{"line":20,"column":1}},"2":{"start":{"line":7,"column":21},"end":{"line":7,"column":49}},"3":{"start":{"line":8,"column":8},"end":{"line":8,"column":25}},"4":{"start":{"line":9,"column":8},"end":{"line":9,"column":29}},"5":{"start":{"line":10,"column":8},"end":{"line":13,"column":10}},"6":{"start":{"line":15,"column":8},"end":{"line":19,"column":6}},"7":{"start":{"line":22,"column":23},"end":{"line":39,"column":1}},"8":{"start":{"line":23,"column":4},"end":{"line":37,"column":5}},"9":{"start":{"line":24,"column":20},"end":{"line":24,"column":33}},"10":{"start":{"line":25,"column":21},"end":{"line":25,"column":45}},"11":{"start":{"line":26,"column":8},"end":{"line":29,"column":6}},"12":{"start":{"line":31,"column":8},"end":{"line":35,"column":10}},"13":{"start":{"line":40,"column":27},"end":{"line":57,"column":1}},"14":{"start":{"line":41,"column":4},"end":{"line":56,"column":5}},"15":{"start":{"line":42,"column":21},"end":{"line":42,"column":39}},"16":{"start":{"line":43,"column":8},"end":{"line":47,"column":10}},"17":{"start":{"line":49,"column":8},"end":{"line":53,"column":10}},"18":{"start":{"line":58,"column":26},"end":{"line":74,"column":1}},"19":{"start":{"line":59,"column":4},"end":{"line":73,"column":5}},"20":{"start":{"line":61,"column":20},"end":{"line":61,"column":108}},"21":{"start":{"line":62,"column":7},"end":{"line":65,"column":6}},"22":{"start":{"line":69,"column":8},"end":{"line":72,"column":10}},"23":{"start":{"line":75,"column":26},"end":{"line":93,"column":1}},"24":{"start":{"line":77,"column":4},"end":{"line":92,"column":6}},"25":{"start":{"line":79,"column":8},"end":{"line":79,"column":53}},"26":{"start":{"line":80,"column":8},"end":{"line":83,"column":7}},"27":{"start":{"line":87,"column":9},"end":{"line":91,"column":11}}},"fnMap":{"0":{"name":"(anonymous_0)","decl":{"start":{"line":4,"column":23},"end":{"line":4,"column":24}},"loc":{"start":{"line":4,"column":43},"end":{"line":21,"column":1}},"line":4},"1":{"name":"(anonymous_1)","decl":{"start":{"line":22,"column":23},"end":{"line":22,"column":24}},"loc":{"start":{"line":22,"column":44},"end":{"line":39,"column":1}},"line":22},"2":{"name":"(anonymous_2)","decl":{"start":{"line":40,"column":27},"end":{"line":40,"column":28}},"loc":{"start":{"line":40,"column":46},"end":{"line":57,"column":1}},"line":40},"3":{"name":"(anonymous_3)","decl":{"start":{"line":58,"column":26},"end":{"line":58,"column":27}},"loc":{"start":{"line":58,"column":46},"end":{"line":74,"column":1}},"line":58},"4":{"name":"(anonymous_4)","decl":{"start":{"line":75,"column":26},"end":{"line":75,"column":27}},"loc":{"start":{"line":75,"column":45},"end":{"line":93,"column":1}},"line":75}},"branchMap":{},"s":{"0":1,"1":0,"2":0,"3":0,"4":0,"5":0,"6":0,"7":1,"8":0,"9":0,"10":0,"11":0,"12":0,"13":1,"14":0,"15":0,"16":0,"17":0,"18":1,"19":0,"20":0,"21":0,"22":0,"23":1,"24":0,"25":0,"26":0,"27":0},"f":{"0":0,"1":0,"2":0,"3":0,"4":0},"b":{},"_coverageSchema":"1a1c01bbd47fc00a2c39e90264f33305004495a9","hash":"1c962488bdc165f1ea9b71e9c3675238e9cbbc3e"}
,"/Users/andelarwanda/Documents/projects/ExpressApi/src/blogs/routes/blog.routes.js": {"path":"/Users/andelarwanda/Documents/projects/ExpressApi/src/blogs/routes/blog.routes.js","statementMap":{"0":{"start":{"line":4,"column":15},"end":{"line":4,"column":31}},"1":{"start":{"line":6,"column":0},"end":{"line":6,"column":27}},"2":{"start":{"line":7,"column":0},"end":{"line":7,"column":78}},"3":{"start":{"line":8,"column":0},"end":{"line":8,"column":158}}},"fnMap":{},"branchMap":{},"s":{"0":1,"1":1,"2":1,"3":1},"f":{},"b":{},"_coverageSchema":"1a1c01bbd47fc00a2c39e90264f33305004495a9","hash":"1656865370605725ae01e7a36d782f2ab328aac5"}
,"/Users/andelarwanda/Documents/projects/ExpressApi/src/comments/router/comments.router.js": {"path":"/Users/andelarwanda/Documents/projects/ExpressApi/src/comments/router/comments.router.js","statementMap":{"0":{"start":{"line":3,"column":15},"end":{"line":3,"column":31}},"1":{"start":{"line":4,"column":0},"end":{"line":4,"column":27}}},"fnMap":{},"branchMap":{},"s":{"0":1,"1":1},"f":{},"b":{},"_coverageSchema":"1a1c01bbd47fc00a2c39e90264f33305004495a9","hash":"61829919bf2a11712e971252bcacb6aabb7398bc"}
,"/Users/andelarwanda/Documents/projects/ExpressApi/src/education/contoller/education.controller.js": {"path":"/Users/andelarwanda/Documents/projects/ExpressApi/src/education/contoller/education.controller.js","statementMap":{"0":{"start":{"line":3,"column":28},"end":{"line":25,"column":1}},"1":{"start":{"line":4,"column":4},"end":{"line":24,"column":5}},"2":{"start":{"line":5,"column":24},"end":{"line":11,"column":10}},"3":{"start":{"line":12,"column":8},"end":{"line":16,"column":10}},"4":{"start":{"line":18,"column":8},"end":{"line":22,"column":10}},"5":{"start":{"line":26,"column":31},"end":{"line":44,"column":1}},"6":{"start":{"line":28,"column":4},"end":{"line":43,"column":5}},"7":{"start":{"line":29,"column":21},"end":{"line":29,"column":43}},"8":{"start":{"line":30,"column":8},"end":{"line":34,"column":10}},"9":{"start":{"line":36,"column":8},"end":{"line":40,"column":10}},"10":{"start":{"line":45,"column":28},"end":{"line":63,"column":1}},"11":{"start":{"line":46,"column":4},"end":{"line":61,"column":5}},"12":{"start":{"line":47,"column":20},"end":{"line":47,"column":33}},"13":{"start":{"line":48,"column":20},"end":{"line":48,"column":48}},"14":{"start":{"line":49,"column":8},"end":{"line":52,"column":6}},"15":{"start":{"line":54,"column":8},"end":{"line":59,"column":10}},"16":{"start":{"line":64,"column":31},"end":{"line":80,"column":1}},"17":{"start":{"line":65,"column":4},"end":{"line":79,"column":5}},"18":{"start":{"line":67,"column":20},"end":{"line":67,"column":112}},"19":{"start":{"line":68,"column":7},"end":{"line":71,"column":6}},"20":{"start":{"line":75,"column":8},"end":{"line":78,"column":10}},"21":{"start":{"line":83,"column":31},"end":{"line":101,"column":1}},"22":{"start":{"line":85,"column":4},"end":{"line":100,"column":6}},"23":{"start":{"line":87,"column":8},"end":{"line":87,"column":57}},"24":{"start":{"line":88,"column":8},"end":{"line":92,"column":7}},"25":{"start":{"line":96,"column":9},"end":{"line":99,"column":11}}},"fnMap":{"0":{"name":"(anonymous_0)","decl":{"start":{"line":3,"column":28},"end":{"line":3,"column":29}},"loc":{"start":{"line":3,"column":48},"end":{"line":25,"column":1}},"line":3},"1":{"name":"(anonymous_1)","decl":{"start":{"line":26,"column":31},"end":{"line":26,"column":32}},"loc":{"start":{"line":26,"column":51},"end":{"line":44,"column":1}},"line":26},"2":{"name":"(anonymous_2)","decl":{"start":{"line":45,"column":28},"end":{"line":45,"column":29}},"loc":{"start":{"line":45,"column":48},"end":{"line":63,"column":1}},"line":45},"3":{"name":"(anonymous_3)","decl":{"start":{"line":64,"column":31},"end":{"line":64,"column":32}},"loc":{"start":{"line":64,"column":51},"end":{"line":80,"column":1}},"line":64},"4":{"name":"(anonymous_4)","decl":{"start":{"line":83,"column":31},"end":{"line":83,"column":32}},"loc":{"start":{"line":83,"column":50},"end":{"line":101,"column":1}},"line":83}},"branchMap":{},"s":{"0":1,"1":0,"2":0,"3":0,"4":0,"5":1,"6":0,"7":0,"8":0,"9":0,"10":1,"11":0,"12":0,"13":0,"14":0,"15":0,"16":1,"17":0,"18":0,"19":0,"20":0,"21":1,"22":0,"23":0,"24":0,"25":0},"f":{"0":0,"1":0,"2":0,"3":0,"4":0},"b":{},"_coverageSchema":"1a1c01bbd47fc00a2c39e90264f33305004495a9","hash":"e374663097569e2cd0b999c1140a3fcfb618f9fd"}
,"/Users/andelarwanda/Documents/projects/ExpressApi/src/education/router/education.router.js": {"path":"/Users/andelarwanda/Documents/projects/ExpressApi/src/education/router/education.router.js","statementMap":{"0":{"start":{"line":5,"column":15},"end":{"line":5,"column":31}},"1":{"start":{"line":7,"column":0},"end":{"line":7,"column":27}},"2":{"start":{"line":8,"column":0},"end":{"line":8,"column":87}},"3":{"start":{"line":9,"column":0},"end":{"line":9,"column":173}}},"fnMap":{},"branchMap":{},"s":{"0":1,"1":1,"2":1,"3":1},"f":{},"b":{},"_coverageSchema":"1a1c01bbd47fc00a2c39e90264f33305004495a9","hash":"d0db94c701494f327bb105714812c5e24db45801"}
,"/Users/andelarwanda/Documents/projects/ExpressApi/src/message/controller/message.controller.js": {"path":"/Users/andelarwanda/Documents/projects/ExpressApi/src/message/controller/message.controller.js","statementMap":{"0":{"start":{"line":3,"column":26},"end":{"line":25,"column":1}},"1":{"start":{"line":4,"column":4},"end":{"line":24,"column":5}},"2":{"start":{"line":5,"column":24},"end":{"line":11,"column":10}},"3":{"start":{"line":12,"column":8},"end":{"line":16,"column":10}},"4":{"start":{"line":18,"column":8},"end":{"line":22,"column":10}},"5":{"start":{"line":26,"column":29},"end":{"line":44,"column":1}},"6":{"start":{"line":28,"column":4},"end":{"line":43,"column":5}},"7":{"start":{"line":29,"column":21},"end":{"line":29,"column":41}},"8":{"start":{"line":30,"column":8},"end":{"line":34,"column":10}},"9":{"start":{"line":36,"column":8},"end":{"line":40,"column":10}},"10":{"start":{"line":45,"column":26},"end":{"line":63,"column":1}},"11":{"start":{"line":46,"column":4},"end":{"line":61,"column":5}},"12":{"start":{"line":47,"column":20},"end":{"line":47,"column":33}},"13":{"start":{"line":48,"column":21},"end":{"line":48,"column":47}},"14":{"start":{"line":49,"column":8},"end":{"line":52,"column":6}},"15":{"start":{"line":54,"column":8},"end":{"line":59,"column":10}},"16":{"start":{"line":64,"column":28},"end":{"line":80,"column":1}},"17":{"start":{"line":65,"column":4},"end":{"line":79,"column":5}},"18":{"start":{"line":67,"column":20},"end":{"line":67,"column":110}},"19":{"start":{"line":68,"column":7},"end":{"line":71,"column":6}},"20":{"start":{"line":75,"column":8},"end":{"line":78,"column":10}},"21":{"start":{"line":83,"column":29},"end":{"line":102,"column":1}},"22":{"start":{"line":85,"column":4},"end":{"line":101,"column":6}},"23":{"start":{"line":87,"column":8},"end":{"line":87,"column":55}},"24":{"start":{"line":88,"column":8},"end":{"line":92,"column":7}},"25":{"start":{"line":96,"column":9},"end":{"line":100,"column":11}}},"fnMap":{"0":{"name":"(anonymous_0)","decl":{"start":{"line":3,"column":26},"end":{"line":3,"column":27}},"loc":{"start":{"line":3,"column":46},"end":{"line":25,"column":1}},"line":3},"1":{"name":"(anonymous_1)","decl":{"start":{"line":26,"column":29},"end":{"line":26,"column":30}},"loc":{"start":{"line":26,"column":49},"end":{"line":44,"column":1}},"line":26},"2":{"name":"(anonymous_2)","decl":{"start":{"line":45,"column":26},"end":{"line":45,"column":27}},"loc":{"start":{"line":45,"column":46},"end":{"line":63,"column":1}},"line":45},"3":{"name":"(anonymous_3)","decl":{"start":{"line":64,"column":28},"end":{"line":64,"column":29}},"loc":{"start":{"line":64,"column":48},"end":{"line":80,"column":1}},"line":64},"4":{"name":"(anonymous_4)","decl":{"start":{"line":83,"column":29},"end":{"line":83,"column":30}},"loc":{"start":{"line":83,"column":48},"end":{"line":102,"column":1}},"line":83}},"branchMap":{},"s":{"0":1,"1":0,"2":0,"3":0,"4":0,"5":1,"6":0,"7":0,"8":0,"9":0,"10":1,"11":0,"12":0,"13":0,"14":0,"15":0,"16":1,"17":0,"18":0,"19":0,"20":0,"21":1,"22":0,"23":0,"24":0,"25":0},"f":{"0":0,"1":0,"2":0,"3":0,"4":0},"b":{},"_coverageSchema":"1a1c01bbd47fc00a2c39e90264f33305004495a9","hash":"47bee9e381499cf27cd98be739a2343016e00107"}
,"/Users/andelarwanda/Documents/projects/ExpressApi/src/message/router/message.router.js": {"path":"/Users/andelarwanda/Documents/projects/ExpressApi/src/message/router/message.router.js","statementMap":{"0":{"start":{"line":5,"column":15},"end":{"line":5,"column":31}},"1":{"start":{"line":7,"column":0},"end":{"line":7,"column":27}},"2":{"start":{"line":8,"column":0},"end":{"line":8,"column":112}},"3":{"start":{"line":9,"column":0},"end":{"line":9,"column":167}}},"fnMap":{},"branchMap":{},"s":{"0":1,"1":1,"2":1,"3":1},"f":{},"b":{},"_coverageSchema":"1a1c01bbd47fc00a2c39e90264f33305004495a9","hash":"e619ec859943033eee7260c25580c3d894310efb"}
,"/Users/andelarwanda/Documents/projects/ExpressApi/src/middleware/protect.middleware.js": {"path":"/Users/andelarwanda/Documents/projects/ExpressApi/src/middleware/protect.middleware.js","statementMap":{"0":{"start":{"line":5,"column":23},"end":{"line":65,"column":1}},"1":{"start":{"line":7,"column":2},"end":{"line":62,"column":3}},"2":{"start":{"line":10,"column":2},"end":{"line":19,"column":3}},"3":{"start":{"line":11,"column":4},"end":{"line":11,"column":51}},"4":{"start":{"line":14,"column":4},"end":{"line":17,"column":6}},"5":{"start":{"line":23,"column":2},"end":{"line":28,"column":3}},"6":{"start":{"line":24,"column":3},"end":{"line":27,"column":5}},"7":{"start":{"line":31,"column":2},"end":{"line":52,"column":3}},"8":{"start":{"line":32,"column":20},"end":{"line":32,"column":75}},"9":{"start":{"line":33,"column":2},"end":{"line":33,"column":22}},"10":{"start":{"line":36,"column":22},"end":{"line":36,"column":53}},"11":{"start":{"line":37,"column":2},"end":{"line":42,"column":3}},"12":{"start":{"line":38,"column":4},"end":{"line":41,"column":6}},"13":{"start":{"line":44,"column":2},"end":{"line":44,"column":24}},"14":{"start":{"line":46,"column":2},"end":{"line":46,"column":8}},"15":{"start":{"line":48,"column":4},"end":{"line":51,"column":6}},"16":{"start":{"line":55,"column":4},"end":{"line":58,"column":6}},"17":{"start":{"line":67,"column":26},"end":{"line":79,"column":1}},"18":{"start":{"line":68,"column":2},"end":{"line":78,"column":3}},"19":{"start":{"line":69,"column":6},"end":{"line":69,"column":24}},"20":{"start":{"line":70,"column":6},"end":{"line":70,"column":32}},"21":{"start":{"line":71,"column":4},"end":{"line":76,"column":5}},"22":{"start":{"line":72,"column":8},"end":{"line":75,"column":10}},"23":{"start":{"line":77,"column":4},"end":{"line":77,"column":10}}},"fnMap":{"0":{"name":"(anonymous_0)","decl":{"start":{"line":5,"column":23},"end":{"line":5,"column":24}},"loc":{"start":{"line":5,"column":49},"end":{"line":65,"column":1}},"line":5},"1":{"name":"(anonymous_1)","decl":{"start":{"line":67,"column":26},"end":{"line":67,"column":27}},"loc":{"start":{"line":67,"column":40},"end":{"line":79,"column":1}},"line":67},"2":{"name":"(anonymous_2)","decl":{"start":{"line":68,"column":9},"end":{"line":68,"column":10}},"loc":{"start":{"line":68,"column":29},"end":{"line":78,"column":3}},"line":68}},"branchMap":{"0":{"loc":{"start":{"line":10,"column":2},"end":{"line":19,"column":3}},"type":"if","locations":[{"start":{"line":10,"column":2},"end":{"line":19,"column":3}},{"start":{"line":13,"column":6},"end":{"line":19,"column":3}}],"line":10},"1":{"loc":{"start":{"line":23,"column":2},"end":{"line":28,"column":3}},"type":"if","locations":[{"start":{"line":23,"column":2},"end":{"line":28,"column":3}},{"start":{},"end":{}}],"line":23},"2":{"loc":{"start":{"line":37,"column":2},"end":{"line":42,"column":3}},"type":"if","locations":[{"start":{"line":37,"column":2},"end":{"line":42,"column":3}},{"start":{},"end":{}}],"line":37},"3":{"loc":{"start":{"line":71,"column":4},"end":{"line":76,"column":5}},"type":"if","locations":[{"start":{"line":71,"column":4},"end":{"line":76,"column":5}},{"start":{},"end":{}}],"line":71}},"s":{"0":1,"1":0,"2":0,"3":0,"4":0,"5":0,"6":0,"7":0,"8":0,"9":0,"10":0,"11":0,"12":0,"13":0,"14":0,"15":0,"16":0,"17":1,"18":23,"19":0,"20":0,"21":0,"22":0,"23":0},"f":{"0":0,"1":23,"2":0},"b":{"0":[0,0],"1":[0,0],"2":[0,0],"3":[0,0]},"_coverageSchema":"1a1c01bbd47fc00a2c39e90264f33305004495a9","hash":"8773d3ef20e99ac3d2bc4dbf88b989b4c3974265"}
,"/Users/andelarwanda/Documents/projects/ExpressApi/src/models/ContactModel.js": {"path":"/Users/andelarwanda/Documents/projects/ExpressApi/src/models/ContactModel.js","statementMap":{"0":{"start":{"line":3,"column":22},"end":{"line":25,"column":2}},"1":{"start":{"line":26,"column":18},"end":{"line":26,"column":60}}},"fnMap":{},"branchMap":{},"s":{"0":1,"1":1},"f":{},"b":{},"_coverageSchema":"1a1c01bbd47fc00a2c39e90264f33305004495a9","hash":"9b347b7f4b3d4fef3b68cebd013e1951ded05d3b"}
,"/Users/andelarwanda/Documents/projects/ExpressApi/src/models/UserModel.js": {"path":"/Users/andelarwanda/Documents/projects/ExpressApi/src/models/UserModel.js","statementMap":{"0":{"start":{"line":3,"column":19},"end":{"line":41,"column":2}},"1":{"start":{"line":42,"column":13},"end":{"line":42,"column":47}}},"fnMap":{},"branchMap":{},"s":{"0":1,"1":1},"f":{},"b":{},"_coverageSchema":"1a1c01bbd47fc00a2c39e90264f33305004495a9","hash":"d86e96159530a368406422533caa7d6d14e3dd93"}
,"/Users/andelarwanda/Documents/projects/ExpressApi/src/models/blogs.js": {"path":"/Users/andelarwanda/Documents/projects/ExpressApi/src/models/blogs.js","statementMap":{"0":{"start":{"line":2,"column":19},"end":{"line":16,"column":2}},"1":{"start":{"line":17,"column":14},"end":{"line":17,"column":49}}},"fnMap":{},"branchMap":{},"s":{"0":1,"1":1},"f":{},"b":{},"_coverageSchema":"1a1c01bbd47fc00a2c39e90264f33305004495a9","hash":"178072114bc44b3dc59454491890cac8eede3c93"}
,"/Users/andelarwanda/Documents/projects/ExpressApi/src/models/education.js": {"path":"/Users/andelarwanda/Documents/projects/ExpressApi/src/models/education.js","statementMap":{"0":{"start":{"line":3,"column":24},"end":{"line":20,"column":2}},"1":{"start":{"line":21,"column":18},"end":{"line":21,"column":62}}},"fnMap":{},"branchMap":{},"s":{"0":1,"1":1},"f":{},"b":{},"_coverageSchema":"1a1c01bbd47fc00a2c39e90264f33305004495a9","hash":"d1a455d7243791428b4f5567830be9b3e89f5cbb"}
,"/Users/andelarwanda/Documents/projects/ExpressApi/src/models/message.js": {"path":"/Users/andelarwanda/Documents/projects/ExpressApi/src/models/message.js","statementMap":{"0":{"start":{"line":3,"column":22},"end":{"line":17,"column":2}},"1":{"start":{"line":18,"column":16},"end":{"line":18,"column":56}}},"fnMap":{},"branchMap":{},"s":{"0":1,"1":1},"f":{},"b":{},"_coverageSchema":"1a1c01bbd47fc00a2c39e90264f33305004495a9","hash":"7d8c72b5cf8809c186498b965b45d38fa911e996"}
}
