TN:
SF:app.js
FN:12,(anonymous_0)
FN:26,(anonymous_1)
FNF:2
FNH:1
FNDA:1,(anonymous_0)
FNDA:0,(anonymous_1)
DA:10,1
DA:12,1
DA:13,1
DA:14,1
DA:15,1
DA:16,1
DA:18,1
DA:19,1
DA:26,1
DA:27,0
DA:32,1
DA:33,1
DA:34,1
DA:35,1
DA:36,1
DA:37,1
LF:16
LH:15
BRF:0
BRH:0
end_of_record
TN:
SF:index.js
FN:8,(anonymous_0)
FN:9,(anonymous_1)
FNF:2
FNH:0
FNDA:0,(anonymous_0)
FNDA:0,(anonymous_1)
DA:4,1
DA:6,1
DA:7,1
DA:8,1
DA:9,1
LF:5
LH:5
BRDA:6,0,0,1
BRDA:6,0,1,0
BRF:2
BRH:1
end_of_record
TN:
SF:src/Contacts/Controller/contacts.controller.js
FN:3,(anonymous_0)
FN:19,(anonymous_1)
FN:38,(anonymous_2)
FN:55,(anonymous_3)
FN:70,(anonymous_4)
FNF:5
FNH:0
FNDA:0,(anonymous_0)
FNDA:0,(anonymous_1)
FNDA:0,(anonymous_2)
FNDA:0,(anonymous_3)
FNDA:0,(anonymous_4)
DA:3,1
DA:4,0
DA:5,0
DA:6,0
DA:11,0
DA:19,1
DA:20,0
DA:21,0
DA:22,0
DA:23,0
DA:28,0
DA:38,1
DA:39,0
DA:40,0
DA:41,0
DA:47,0
DA:55,1
DA:56,0
DA:57,0
DA:58,0
DA:63,0
DA:70,1
DA:71,0
DA:72,0
DA:73,0
DA:78,0
LF:26
LH:5
BRF:0
BRH:0
end_of_record
TN:
SF:src/Contacts/routes/contacts.routes.js
FNF:0
FNH:0
DA:4,1
DA:6,1
DA:7,1
DA:8,1
LF:4
LH:4
BRF:0
BRH:0
end_of_record
TN:
SF:src/Users/controller/user.controller.js
FN:6,(anonymous_0)
FN:33,(anonymous_1)
FN:43,(anonymous_2)
FN:68,(anonymous_3)
FN:88,(anonymous_4)
FN:107,(anonymous_5)
FN:126,(anonymous_6)
FNF:7
FNH:0
FNDA:0,(anonymous_0)
FNDA:0,(anonymous_1)
FNDA:0,(anonymous_2)
FNDA:0,(anonymous_3)
FNDA:0,(anonymous_4)
FNDA:0,(anonymous_5)
FNDA:0,(anonymous_6)
DA:6,1
DA:7,0
DA:8,0
DA:9,0
DA:17,0
DA:18,0
DA:25,0
DA:33,1
DA:34,0
DA:35,0
DA:36,0
DA:37,0
DA:39,0
DA:40,0
DA:41,0
DA:43,0
DA:44,0
DA:45,0
DA:47,0
DA:48,0
DA:49,0
DA:50,0
DA:55,0
DA:61,0
DA:68,1
DA:69,0
DA:70,0
DA:71,0
DA:72,0
DA:73,0
DA:74,0
DA:81,0
DA:88,1
DA:89,0
DA:90,0
DA:91,0
DA:92,0
DA:98,0
DA:107,1
DA:108,0
DA:110,0
DA:111,0
DA:118,0
DA:126,1
DA:128,0
DA:130,0
DA:131,0
DA:138,0
LF:48
LH:6
BRDA:36,0,0,0
BRDA:36,0,1,0
BRDA:36,1,0,0
BRDA:36,1,1,0
BRDA:40,2,0,0
BRDA:40,2,1,0
BRDA:44,3,0,0
BRDA:44,3,1,0
BRDA:47,4,0,0
BRDA:47,4,1,0
BRF:10
BRH:0
end_of_record
TN:
SF:src/Users/middleware/signup.middleware.js
FN:6,(anonymous_0)
FNF:1
FNH:0
FNDA:0,(anonymous_0)
DA:6,1
DA:8,0
DA:10,0
DA:11,0
DA:14,0
DA:15,0
DA:20,0
DA:21,0
DA:22,0
DA:24,0
DA:26,0
DA:35,0
LF:12
LH:1
BRDA:10,0,0,0
BRDA:10,0,1,0
BRDA:14,1,0,0
BRDA:14,1,1,0
BRF:4
BRH:0
end_of_record
TN:
SF:src/Users/routes/user.routes.js
FNF:0
FNH:0
DA:5,1
DA:8,1
DA:9,1
DA:10,1
DA:11,1
DA:12,1
LF:6
LH:6
BRF:0
BRH:0
end_of_record
TN:
SF:src/blogs/controller/blog.controller.js
FN:4,(anonymous_0)
FN:22,(anonymous_1)
FN:40,(anonymous_2)
FN:58,(anonymous_3)
FN:75,(anonymous_4)
FNF:5
FNH:0
FNDA:0,(anonymous_0)
FNDA:0,(anonymous_1)
FNDA:0,(anonymous_2)
FNDA:0,(anonymous_3)
FNDA:0,(anonymous_4)
DA:4,1
DA:5,0
DA:7,0
DA:8,0
DA:9,0
DA:10,0
DA:15,0
DA:22,1
DA:23,0
DA:24,0
DA:25,0
DA:26,0
DA:31,0
DA:40,1
DA:41,0
DA:42,0
DA:43,0
DA:49,0
DA:58,1
DA:59,0
DA:61,0
DA:62,0
DA:69,0
DA:75,1
DA:77,0
DA:79,0
DA:80,0
DA:87,0
LF:28
LH:5
BRF:0
BRH:0
end_of_record
TN:
SF:src/blogs/routes/blog.routes.js
FNF:0
FNH:0
DA:4,1
DA:6,1
DA:7,1
DA:8,1
LF:4
LH:4
BRF:0
BRH:0
end_of_record
TN:
SF:src/comments/router/comments.router.js
FNF:0
FNH:0
DA:3,1
DA:4,1
LF:2
LH:2
BRF:0
BRH:0
end_of_record
TN:
SF:src/education/contoller/education.controller.js
FN:3,(anonymous_0)
FN:26,(anonymous_1)
FN:45,(anonymous_2)
FN:64,(anonymous_3)
FN:83,(anonymous_4)
FNF:5
FNH:0
FNDA:0,(anonymous_0)
FNDA:0,(anonymous_1)
FNDA:0,(anonymous_2)
FNDA:0,(anonymous_3)
FNDA:0,(anonymous_4)
DA:3,1
DA:4,0
DA:5,0
DA:12,0
DA:18,0
DA:26,1
DA:28,0
DA:29,0
DA:30,0
DA:36,0
DA:45,1
DA:46,0
DA:47,0
DA:48,0
DA:49,0
DA:54,0
DA:64,1
DA:65,0
DA:67,0
DA:68,0
DA:75,0
DA:83,1
DA:85,0
DA:87,0
DA:88,0
DA:96,0
LF:26
LH:5
BRF:0
BRH:0
end_of_record
TN:
SF:src/education/router/education.router.js
FNF:0
FNH:0
DA:5,1
DA:7,1
DA:8,1
DA:9,1
LF:4
LH:4
BRF:0
BRH:0
end_of_record
TN:
SF:src/message/controller/message.controller.js
FN:3,(anonymous_0)
FN:26,(anonymous_1)
FN:45,(anonymous_2)
FN:64,(anonymous_3)
FN:83,(anonymous_4)
FNF:5
FNH:0
FNDA:0,(anonymous_0)
FNDA:0,(anonymous_1)
FNDA:0,(anonymous_2)
FNDA:0,(anonymous_3)
FNDA:0,(anonymous_4)
DA:3,1
DA:4,0
DA:5,0
DA:12,0
DA:18,0
DA:26,1
DA:28,0
DA:29,0
DA:30,0
DA:36,0
DA:45,1
DA:46,0
DA:47,0
DA:48,0
DA:49,0
DA:54,0
DA:64,1
DA:65,0
DA:67,0
DA:68,0
DA:75,0
DA:83,1
DA:85,0
DA:87,0
DA:88,0
DA:96,0
LF:26
LH:5
BRF:0
BRH:0
end_of_record
TN:
SF:src/message/router/message.router.js
FNF:0
FNH:0
DA:5,1
DA:7,1
DA:8,1
DA:9,1
LF:4
LH:4
BRF:0
BRH:0
end_of_record
TN:
SF:src/middleware/protect.middleware.js
FN:5,(anonymous_0)
FN:67,(anonymous_1)
FN:68,(anonymous_2)
FNF:3
FNH:1
FNDA:0,(anonymous_0)
FNDA:23,(anonymous_1)
FNDA:0,(anonymous_2)
DA:5,1
DA:7,0
DA:10,0
DA:11,0
DA:14,0
DA:23,0
DA:24,0
DA:31,0
DA:32,0
DA:33,0
DA:36,0
DA:37,0
DA:38,0
DA:44,0
DA:46,0
DA:48,0
DA:55,0
DA:67,1
DA:68,23
DA:69,0
DA:70,0
DA:71,0
DA:72,0
DA:77,0
LF:24
LH:3
BRDA:10,0,0,0
BRDA:10,0,1,0
BRDA:23,1,0,0
BRDA:23,1,1,0
BRDA:37,2,0,0
BRDA:37,2,1,0
BRDA:71,3,0,0
BRDA:71,3,1,0
BRF:8
BRH:0
end_of_record
TN:
SF:src/models/ContactModel.js
FNF:0
FNH:0
DA:3,1
DA:26,1
LF:2
LH:2
BRF:0
BRH:0
end_of_record
TN:
SF:src/models/UserModel.js
FNF:0
FNH:0
DA:3,1
DA:42,1
LF:2
LH:2
BRF:0
BRH:0
end_of_record
TN:
SF:src/models/blogs.js
FNF:0
FNH:0
DA:2,1
DA:17,1
LF:2
LH:2
BRF:0
BRH:0
end_of_record
TN:
SF:src/models/education.js
FNF:0
FNH:0
DA:3,1
DA:21,1
LF:2
LH:2
BRF:0
BRH:0
end_of_record
TN:
SF:src/models/message.js
FNF:0
FNH:0
DA:3,1
DA:18,1
LF:2
LH:2
BRF:0
BRH:0
end_of_record
